
> skate-trick-engine@1.0.0 start:dev
> ts-node-dev --respawn --transpile-only src/main.ts

[INFO] 08:30:42 ts-node-dev ver. 2.0.0 (using ts-node ver. 10.9.2, typescript ver. 5.9.3)
[32m[Nest] 380836  - [39m06/12/2026, 8:30:43 AM [32m    LOG[39m [38;5;3m[NestFactory] [39m[32mStarting Nest application...[39m
[32m[Nest] 380836  - [39m06/12/2026, 8:30:43 AM [32m    LOG[39m [38;5;3m[InstanceLoader] [39m[32mPrismaModule dependencies initialized[39m[38;5;3m +12ms[39m
[32m[Nest] 380836  - [39m06/12/2026, 8:30:43 AM [32m    LOG[39m [38;5;3m[InstanceLoader] [39m[32mAppModule dependencies initialized[39m[38;5;3m +0ms[39m
[32m[Nest] 380836  - [39m06/12/2026, 8:30:43 AM [32m    LOG[39m [38;5;3m[InstanceLoader] [39m[32mConfigHostModule dependencies initialized[39m[38;5;3m +0ms[39m
[32m[Nest] 380836  - [39m06/12/2026, 8:30:43 AM [32m    LOG[39m [38;5;3m[InstanceLoader] [39m[32mConfigModule dependencies initialized[39m[38;5;3m +1ms[39m
[32m[Nest] 380836  - [39m06/12/2026, 8:30:43 AM [32m    LOG[39m [38;5;3m[InstanceLoader] [39m[32mTrickModule dependencies initialized[39m[38;5;3m +0ms[39m
[32m[Nest] 380836  - [39m06/12/2026, 8:30:43 AM [32m    LOG[39m [38;5;3m[RoutesResolver] [39m[32mAppController {/api}:[39m[38;5;3m +17ms[39m
[32m[Nest] 380836  - [39m06/12/2026, 8:30:43 AM [32m    LOG[39m [38;5;3m[RouterExplorer] [39m[32mMapped {/api, GET} route[39m[38;5;3m +2ms[39m
[32m[Nest] 380836  - [39m06/12/2026, 8:30:43 AM [32m    LOG[39m [38;5;3m[RouterExplorer] [39m[32mMapped {/api/health, GET} route[39m[38;5;3m +0ms[39m
[32m[Nest] 380836  - [39m06/12/2026, 8:30:43 AM [32m    LOG[39m [38;5;3m[RoutesResolver] [39m[32mTrickController {/api/tricks}:[39m[38;5;3m +1ms[39m
[32m[Nest] 380836  - [39m06/12/2026, 8:30:43 AM [32m    LOG[39m [38;5;3m[RouterExplorer] [39m[32mMapped {/api/tricks, POST} route[39m[38;5;3m +0ms[39m
[32m[Nest] 380836  - [39m06/12/2026, 8:30:43 AM [32m    LOG[39m [38;5;3m[RouterExplorer] [39m[32mMapped {/api/tricks, GET} route[39m[38;5;3m +1ms[39m
[32m[Nest] 380836  - [39m06/12/2026, 8:30:43 AM [32m    LOG[39m [38;5;3m[RouterExplorer] [39m[32mMapped {/api/tricks/stats/overall, GET} route[39m[38;5;3m +0ms[39m
[32m[Nest] 380836  - [39m06/12/2026, 8:30:43 AM [32m    LOG[39m [38;5;3m[RouterExplorer] [39m[32mMapped {/api/tricks/:id, GET} route[39m[38;5;3m +0ms[39m
[32m[Nest] 380836  - [39m06/12/2026, 8:30:43 AM [32m    LOG[39m [38;5;3m[RouterExplorer] [39m[32mMapped {/api/tricks/:id/stats, GET} route[39m[38;5;3m +1ms[39m
[32m[Nest] 380836  - [39m06/12/2026, 8:30:43 AM [32m    LOG[39m [38;5;3m[RouterExplorer] [39m[32mMapped {/api/tricks/:id, PUT} route[39m[38;5;3m +0ms[39m
[32m[Nest] 380836  - [39m06/12/2026, 8:30:43 AM [32m    LOG[39m [38;5;3m[RouterExplorer] [39m[32mMapped {/api/tricks/:id, DELETE} route[39m[38;5;3m +3ms[39m
[32m[Nest] 380836  - [39m06/12/2026, 8:30:43 AM [32m    LOG[39m [38;5;3m[RouterExplorer] [39m[32mMapped {/api/tricks/execute, POST} route[39m[38;5;3m +0ms[39m
[32m[Nest] 380836  - [39m06/12/2026, 8:30:43 AM [32m    LOG[39m [38;5;3m[RouterExplorer] [39m[32mMapped {/api/tricks/flip/kickflip, POST} route[39m[38;5;3m +1ms[39m
[32m[Nest] 380836  - [39m06/12/2026, 8:30:43 AM [32m    LOG[39m [38;5;3m[RouterExplorer] [39m[32mMapped {/api/tricks/flip/heelflip, POST} route[39m[38;5;3m +0ms[39m
[32m[Nest] 380836  - [39m06/12/2026, 8:30:43 AM [32m    LOG[39m [38;5;3m[RouterExplorer] [39m[32mMapped {/api/tricks/flip/varial-kickflip, POST} route[39m[38;5;3m +0ms[39m
[32m[Nest] 380836  - [39m06/12/2026, 8:30:43 AM [32m    LOG[39m [38;5;3m[RouterExplorer] [39m[32mMapped {/api/tricks/flip/varial-heelflip, POST} route[39m[38;5;3m +0ms[39m
[32m[Nest] 380836  - [39m06/12/2026, 8:30:43 AM [32m    LOG[39m [38;5;3m[RouterExplorer] [39m[32mMapped {/api/tricks/flip/tre-flip, POST} route[39m[38;5;3m +0ms[39m
[32m[Nest] 380836  - [39m06/12/2026, 8:30:43 AM [32m    LOG[39m [38;5;3m[RouterExplorer] [39m[32mMapped {/api/tricks/flip/laser-flip, POST} route[39m[38;5;3m +0ms[39m
[32m[Nest] 380836  - [39m06/12/2026, 8:30:43 AM [32m    LOG[39m [38;5;3m[RouterExplorer] [39m[32mMapped {/api/tricks/flip/hardflip, POST} route[39m[38;5;3m +1ms[39m
[32m[Nest] 380836  - [39m06/12/2026, 8:30:43 AM [32m    LOG[39m [38;5;3m[RouterExplorer] [39m[32mMapped {/api/tricks/flip/inward-heelflip, POST} route[39m[38;5;3m +0ms[39m
[32m[Nest] 380836  - [39m06/12/2026, 8:30:43 AM [32m    LOG[39m [38;5;3m[RouterExplorer] [39m[32mMapped {/api/tricks/flip/hellflip, POST} route[39m[38;5;3m +0ms[39m
[32m[Nest] 380836  - [39m06/12/2026, 8:30:43 AM [32m    LOG[39m [38;5;3m[RouterExplorer] [39m[32mMapped {/api/tricks/ollie/ollie, POST} route[39m[38;5;3m +0ms[39m
[32m[Nest] 380836  - [39m06/12/2026, 8:30:43 AM [32m    LOG[39m [38;5;3m[RouterExplorer] [39m[32mMapped {/api/tricks/ollie/nollie, POST} route[39m[38;5;3m +1ms[39m
[32m[Nest] 380836  - [39m06/12/2026, 8:30:43 AM [32m    LOG[39m [38;5;3m[RouterExplorer] [39m[32mMapped {/api/tricks/ollie/fakie, POST} route[39m[38;5;3m +0ms[39m
[32m[Nest] 380836  - [39m06/12/2026, 8:30:43 AM [32m    LOG[39m [38;5;3m[RouterExplorer] [39m[32mMapped {/api/tricks/ollie/switch, POST} route[39m[38;5;3m +0ms[39m
[32m[Nest] 380836  - [39m06/12/2026, 8:30:43 AM [32m    LOG[39m [38;5;3m[RouterExplorer] [39m[32mMapped {/api/tricks/ollie/pop-shove-it, POST} route[39m[38;5;3m +0ms[39m
[32m[Nest] 380836  - [39m06/12/2026, 8:30:43 AM [32m    LOG[39m [38;5;3m[RouterExplorer] [39m[32mMapped {/api/tricks/manual/manual, POST} route[39m[38;5;3m +0ms[39m
[32m[Nest] 380836  - [39m06/12/2026, 8:30:43 AM [32m    LOG[39m [38;5;3m[RouterExplorer] [39m[32mMapped {/api/tricks/manual/nose-manual, POST} route[39m[38;5;3m +1ms[39m
[32m[Nest] 380836  - [39m06/12/2026, 8:30:43 AM [32m    LOG[39m [38;5;3m[RouterExplorer] [39m[32mMapped {/api/tricks/grind-slide/grind, POST} route[39m[38;5;3m +0ms[39m
[32m[Nest] 380836  - [39m06/12/2026, 8:30:43 AM [32m    LOG[39m [38;5;3m[RouterExplorer] [39m[32mMapped {/api/tricks/grind-slide/slide, POST} route[39m[38;5;3m +0ms[39m
[32m[Nest] 380836  - [39m06/12/2026, 8:30:43 AM [32m    LOG[39m [38;5;3m[RouterExplorer] [39m[32mMapped {/api/tricks/grab/grab, POST} route[39m[38;5;3m +0ms[39m
🔌 Database connected
[32m[Nest] 380836  - [39m06/12/2026, 8:30:43 AM [32m    LOG[39m [38;5;3m[NestApplication] [39m[32mNest application successfully started[39m[38;5;3m +10ms[39m
🛹 Skate Trick Engine running on http://localhost:3000/api
📚 API Documentation: http://localhost:3000/api/docs
